Using pre-set license
Built from '2020.2/release' branch; Version is '2020.2.4f1 (becced5a802b) revision 12504301'; Using compiler version '192528614'; Build Type 'Release'
OS: 'Windows 10 Home; OS build 19042.1165; Version 2009; 64bit' Language: 'es' Physical Memory: 16303 MB
BatchMode: 1, IsHumanControllingUs: 0, StartBugReporterOnCrash: 0, Is64bit: 1, IsPro: 0

 COMMAND LINE ARGUMENTS:
D:\Unity editors\2020.2.4f1\Editor\Unity.exe
-adb2
-batchMode
-noUpm
-name
AssetImportWorker0
-projectPath
D:/Usuarios/Ivism18/Escritorio/Factory Project/Factory
-logFile
Logs/AssetImportWorker0.log
-srvPort
49982
Successfully changed project path to: D:/Usuarios/Ivism18/Escritorio/Factory Project/Factory
D:/Usuarios/Ivism18/Escritorio/Factory Project/Factory
Using Asset Import Pipeline V2.
Refreshing native plugins compatible for Editor in 26.21 ms, found 0 plugins.
Preloading 0 native plugins for Editor in 0.00 ms.
Initialize engine version: 2020.2.4f1 (becced5a802b)
[Subsystems] Discovering subsystems at path D:/Unity editors/2020.2.4f1/Editor/Data/Resources/UnitySubsystems
[Subsystems] Discovering subsystems at path D:/Usuarios/Ivism18/Escritorio/Factory Project/Factory/Assets
GfxDevice: creating device client; threaded=0
Direct3D:
    Version:  Direct3D 11.0 [level 11.1]
    Renderer: NVIDIA GeForce GTX 1070 (ID=0x1b81)
    Vendor:   
    VRAM:     8088 MB
    Driver:   26.21.14.4587
Initialize mono
Mono path[0] = 'D:/Unity editors/2020.2.4f1/Editor/Data/Managed'
Mono path[1] = 'D:/Unity editors/2020.2.4f1/Editor/Data/MonoBleedingEdge/lib/mono/unityjit'
Mono config path = 'D:/Unity editors/2020.2.4f1/Editor/Data/MonoBleedingEdge/etc'
Using monoOptions --debugger-agent=transport=dt_socket,embedding=1,server=y,suspend=n,address=127.0.0.1:56452
Begin MonoManager ReloadAssembly
Registering precompiled unity dll's ...
Register platform support module: D:/Unity editors/2020.2.4f1/Editor/Data/PlaybackEngines/WindowsStandaloneSupport/UnityEditor.WindowsStandalone.Extensions.dll
Registered in 0.001027 seconds.
Native extension for WindowsStandalone target not found
Refreshing native plugins compatible for Editor in 27.03 ms, found 0 plugins.
Preloading 0 native plugins for Editor in 0.00 ms.
Invoked RoslynAnalysisRunner static constructor.
RoslynAnalysisRunner will not be running.
RoslynAnalysisRunner has terminated.
Mono: successfully reloaded assembly
- Completed reload, in  0.914 seconds
Platform modules already initialized, skipping
Registering precompiled user dll's ...
Registered in 0.000569 seconds.
Begin MonoManager ReloadAssembly
Native extension for WindowsStandalone target not found
Refreshing native plugins compatible for Editor in 0.35 ms, found 0 plugins.
Preloading 0 native plugins for Editor in 0.00 ms.
Invoked RoslynAnalysisRunner static constructor.
RoslynAnalysisRunner will not be running.
RoslynAnalysisRunner has terminated.
Mono: successfully reloaded assembly
- Completed reload, in  0.810 seconds
Platform modules already initialized, skipping
========================================================================
Worker process is ready to serve import requests
Launched and connected shader compiler UnityShaderCompiler.exe after 0.04 seconds
Refreshing native plugins compatible for Editor in 0.28 ms, found 0 plugins.
Preloading 0 native plugins for Editor in 0.00 ms.
Unloading 1109 Unused Serialized files (Serialized files now loaded: 0)
System memory in use before: 57.6 MB.
System memory in use after: 57.7 MB.

Unloading 10 unused Assets to reduce memory usage. Loaded Objects now: 1557.
Total: 2.061800 ms (FindLiveObjects: 0.195200 ms CreateObjectMapping: 0.051700 ms MarkObjects: 1.726500 ms  DeleteObjects: 0.087200 ms)

========================================================================
Received Import Request.
  path: Assets/Scripts
  artifactKey: Guid(a3555ef2075138e409fda918d6832e58) Importer(815301076,1909f56bfc062723c751e8b465ee728b)
Start importing Assets/Scripts using Guid(a3555ef2075138e409fda918d6832e58) Importer(815301076,1909f56bfc062723c751e8b465ee728b)  -> (artifact id: 'ce27ff0db9483fbcf0277a0192b3a8d6') in 0.014018 seconds
  Import took 0.028391 seconds .

========================================================================
Received Import Request.
  Time since last request: 0.000208 seconds.
  path: Assets/Scenes
  artifactKey: Guid(3df2d3aee987bea47b9e0af8c4eee203) Importer(815301076,1909f56bfc062723c751e8b465ee728b)
Start importing Assets/Scenes using Guid(3df2d3aee987bea47b9e0af8c4eee203) Importer(815301076,1909f56bfc062723c751e8b465ee728b)  -> (artifact id: '712a96e438b3557f6ba23e2be93b039e') in 0.005497 seconds
  Import took 0.007536 seconds .

========================================================================
Received Import Request.
  Time since last request: 24.574715 seconds.
  path: Assets/Scenes/Factory.unity
  artifactKey: Guid(4effa2a56f23fb241b86e07581df8dfc) Importer(815301076,1909f56bfc062723c751e8b465ee728b)
Start importing Assets/Scenes/Factory.unity using Guid(4effa2a56f23fb241b86e07581df8dfc) Importer(815301076,1909f56bfc062723c751e8b465ee728b)  -> (artifact id: '11d3b3c24be871b9fdcdd34eaa3d9cef') in 0.013909 seconds
  Import took 0.016172 seconds .

========================================================================
Received Import Request.
  Time since last request: 1.032058 seconds.
  path: Assets/Scenes/SampleScene.unity
  artifactKey: Guid(9fc0d4010bbf28b4594072e72b8655ab) Importer(815301076,1909f56bfc062723c751e8b465ee728b)
Start importing Assets/Scenes/SampleScene.unity using Guid(9fc0d4010bbf28b4594072e72b8655ab) Importer(815301076,1909f56bfc062723c751e8b465ee728b)  -> (artifact id: '07678fe8974910b46a4866770d41cde6') in 0.007503 seconds
  Import took 0.009710 seconds .

========================================================================
Received Import Request.
  Time since last request: 33.310241 seconds.
  path: Assets/Scripts/MultiDirectionChanger.cs
  artifactKey: Guid(edbd3de589b1e9d4bbff94ce5e907e28) Importer(815301076,1909f56bfc062723c751e8b465ee728b)
Start importing Assets/Scripts/MultiDirectionChanger.cs using Guid(edbd3de589b1e9d4bbff94ce5e907e28) Importer(815301076,1909f56bfc062723c751e8b465ee728b)  -> (artifact id: '71576eef9f3d3fcb96015a1b63f9ee9a') in 0.081773 seconds
  Import took 0.084004 seconds .

========================================================================
Received Import Request.
  Time since last request: 2.300600 seconds.
  path: Assets/Scripts/WaterBehaviour.cs
  artifactKey: Guid(7270aab23034f1c47a8c496c0cd01c72) Importer(815301076,1909f56bfc062723c751e8b465ee728b)
Start importing Assets/Scripts/WaterBehaviour.cs using Guid(7270aab23034f1c47a8c496c0cd01c72) Importer(815301076,1909f56bfc062723c751e8b465ee728b)  -> (artifact id: '56e7d4f9a22547856f8d08550155c0d1') in 0.010817 seconds
  Import took 0.013083 seconds .

========================================================================
Received Import Request.
  Time since last request: 21.230064 seconds.
  path: Assets/Scripts/ItemMovement.cs
  artifactKey: Guid(e3b8170433fa2ce44a10f4c3aeebd0e8) Importer(815301076,1909f56bfc062723c751e8b465ee728b)
Start importing Assets/Scripts/ItemMovement.cs using Guid(e3b8170433fa2ce44a10f4c3aeebd0e8) Importer(815301076,1909f56bfc062723c751e8b465ee728b)  -> (artifact id: 'c9f80dbe3133fdad298f5287a0fbebdb') in 0.006521 seconds
  Import took 0.008877 seconds .

========================================================================
Received Import Request.
  Time since last request: 0.000856 seconds.
  path: Assets/Scripts/ItemMovement.cs
  artifactKey: Guid(e3b8170433fa2ce44a10f4c3aeebd0e8) Importer(815301076,1909f56bfc062723c751e8b465ee728b)
Start importing Assets/Scripts/ItemMovement.cs using Guid(e3b8170433fa2ce44a10f4c3aeebd0e8) Importer(815301076,1909f56bfc062723c751e8b465ee728b)  -> (artifact id: 'c9f80dbe3133fdad298f5287a0fbebdb') in 0.002075 seconds
  Import took 0.004246 seconds .

========================================================================
Received Prepare
Registering precompiled user dll's ...
Registered in 0.000558 seconds.
Begin MonoManager ReloadAssembly
Native extension for WindowsStandalone target not found
Refreshing native plugins compatible for Editor in 0.33 ms, found 0 plugins.
Preloading 0 native plugins for Editor in 0.00 ms.
Invoked RoslynAnalysisRunner static constructor.
RoslynAnalysisRunner will not be running.
RoslynAnalysisRunner has terminated.
Mono: successfully reloaded assembly
- Completed reload, in  0.827 seconds
Platform modules already initialized, skipping
Refreshing native plugins compatible for Editor in 0.41 ms, found 0 plugins.
Preloading 0 native plugins for Editor in 0.00 ms.
Unloading 1104 Unused Serialized files (Serialized files now loaded: 0)
System memory in use before: 57.6 MB.
System memory in use after: 57.7 MB.

Unloading 5 unused Assets to reduce memory usage. Loaded Objects now: 1559.
Total: 2.351100 ms (FindLiveObjects: 0.191700 ms CreateObjectMapping: 0.082600 ms MarkObjects: 2.003800 ms  DeleteObjects: 0.071700 ms)

AssetImportWorkerClient::OnTransportError - code=2 error=End of file
